Build started 30/10/2018 8:51:19 AM.
     1>Project "D:\30-10-18\Chapter01_LIST\_Chapter01_Array\_Chapter01_Array.vcxproj" on node 4 (build target(s)).
     1>InitializeBuildStatus:
         Touching "Debug\_Chapter01_Array.unsuccessfulbuild".
       ManifestResourceCompile:
         All outputs are up-to-date.
       Link:
         C:\Program Files (x86)\Microsoft Visual Studio 10.0\VC\bin\link.exe /ERRORREPORT:PROMPT /OUT:"D:\30-10-18\Chapter01_LIST\Debug\_Chapter01_Array.exe" /INCREMENTAL /NOLOGO kernel32.lib user32.lib gdi32.lib winspool.lib comdlg32.lib advapi32.lib shell32.lib ole32.lib oleaut32.lib uuid.lib odbc32.lib odbccp32.lib /MANIFEST /ManifestFile:"Debug\_Chapter01_Array.exe.intermediate.manifest" /MANIFESTUAC:"level='asInvoker' uiAccess='false'" /DEBUG /PDB:"D:\30-10-18\Chapter01_LIST\Debug\_Chapter01_Array.pdb" /SUBSYSTEM:CONSOLE /TLBID:1 /DYNAMICBASE /NXCOMPAT /IMPLIB:"D:\30-10-18\Chapter01_LIST\Debug\_Chapter01_Array.lib" /MACHINE:X86 Debug\_Chapter01_Array.exe.embed.manifest.res
     1>LINK : error LNK2001: unresolved external symbol _mainCRTStartup
     1>D:\30-10-18\Chapter01_LIST\Debug\_Chapter01_Array.exe : fatal error LNK1120: 1 unresolved externals
     1>Done Building Project "D:\30-10-18\Chapter01_LIST\_Chapter01_Array\_Chapter01_Array.vcxproj" (build target(s)) -- FAILED.

Build FAILED.

Time Elapsed 00:00:00.10
